{"C:\\Users\\Lenovo\\Desktop\\FoodShare\\backend\\src\\controllers\\adminController.js": {"path":"C:\\Users\\Lenovo\\Desktop\\FoodShare\\backend\\src\\controllers\\adminController.js","statementMap":{"0":{"start":{"line":10,"column":33},"end":{"line":145,"column":1}},"1":{"start":{"line":11,"column":2},"end":{"line":144,"column":3}},"2":{"start":{"line":13,"column":23},"end":{"line":13,"column":50}},"3":{"start":{"line":14,"column":24},"end":{"line":14,"column":68}},"4":{"start":{"line":15,"column":22},"end":{"line":15,"column":64}},"5":{"start":{"line":16,"column":28},"end":{"line":16,"column":76}},"6":{"start":{"line":17,"column":29},"end":{"line":17,"column":77}},"7":{"start":{"line":19,"column":27},"end":{"line":19,"column":58}},"8":{"start":{"line":20,"column":31},"end":{"line":23,"column":6}},"9":{"start":{"line":24,"column":29},"end":{"line":24,"column":81}},"10":{"start":{"line":25,"column":29},"end":{"line":25,"column":81}},"11":{"start":{"line":27,"column":24},"end":{"line":27,"column":52}},"12":{"start":{"line":28,"column":26},"end":{"line":28,"column":75}},"13":{"start":{"line":29,"column":28},"end":{"line":29,"column":79}},"14":{"start":{"line":31,"column":25},"end":{"line":31,"column":61}},"15":{"start":{"line":32,"column":27},"end":{"line":32,"column":84}},"16":{"start":{"line":33,"column":26},"end":{"line":35,"column":6}},"17":{"start":{"line":36,"column":29},"end":{"line":36,"column":88}},"18":{"start":{"line":39,"column":28},"end":{"line":47,"column":6}},"19":{"start":{"line":48,"column":27},"end":{"line":48,"column":92}},"20":{"start":{"line":51,"column":28},"end":{"line":54,"column":15}},"21":{"start":{"line":56,"column":25},"end":{"line":64,"column":15}},"22":{"start":{"line":67,"column":25},"end":{"line":67,"column":35}},"23":{"start":{"line":68,"column":4},"end":{"line":68,"column":55}},"24":{"start":{"line":70,"column":23},"end":{"line":82,"column":6}},"25":{"start":{"line":85,"column":27},"end":{"line":98,"column":6}},"26":{"start":{"line":100,"column":4},"end":{"line":141,"column":7}},"27":{"start":{"line":143,"column":4},"end":{"line":143,"column":16}},"28":{"start":{"line":150,"column":27},"end":{"line":170,"column":1}},"29":{"start":{"line":151,"column":2},"end":{"line":169,"column":3}},"30":{"start":{"line":152,"column":43},"end":{"line":152,"column":52}},"31":{"start":{"line":154,"column":18},"end":{"line":154,"column":20}},"32":{"start":{"line":156,"column":4},"end":{"line":156,"column":32}},"33":{"start":{"line":156,"column":14},"end":{"line":156,"column":32}},"34":{"start":{"line":157,"column":4},"end":{"line":157,"column":75}},"35":{"start":{"line":157,"column":34},"end":{"line":157,"column":75}},"36":{"start":{"line":158,"column":4},"end":{"line":158,"column":69}},"37":{"start":{"line":158,"column":32},"end":{"line":158,"column":69}},"38":{"start":{"line":160,"column":18},"end":{"line":160,"column":59}},"39":{"start":{"line":162,"column":4},"end":{"line":166,"column":7}},"40":{"start":{"line":168,"column":4},"end":{"line":168,"column":16}},"41":{"start":{"line":175,"column":27},"end":{"line":222,"column":1}},"42":{"start":{"line":176,"column":2},"end":{"line":221,"column":3}},"43":{"start":{"line":177,"column":17},"end":{"line":177,"column":51}},"44":{"start":{"line":179,"column":4},"end":{"line":184,"column":5}},"45":{"start":{"line":180,"column":6},"end":{"line":183,"column":9}},"46":{"start":{"line":187,"column":16},"end":{"line":187,"column":18}},"47":{"start":{"line":189,"column":4},"end":{"line":210,"column":5}},"48":{"start":{"line":190,"column":24},"end":{"line":190,"column":74}},"49":{"start":{"line":191,"column":30},"end":{"line":194,"column":8}},"50":{"start":{"line":195,"column":6},"end":{"line":195,"column":61}},"51":{"start":{"line":196,"column":11},"end":{"line":210,"column":5}},"52":{"start":{"line":197,"column":21},"end":{"line":197,"column":66}},"53":{"start":{"line":198,"column":30},"end":{"line":201,"column":8}},"54":{"start":{"line":202,"column":6},"end":{"line":202,"column":55}},"55":{"start":{"line":203,"column":11},"end":{"line":210,"column":5}},"56":{"start":{"line":204,"column":22},"end":{"line":204,"column":81}},"57":{"start":{"line":205,"column":31},"end":{"line":208,"column":8}},"58":{"start":{"line":209,"column":6},"end":{"line":209,"column":58}},"59":{"start":{"line":212,"column":4},"end":{"line":218,"column":7}},"60":{"start":{"line":220,"column":4},"end":{"line":220,"column":16}},"61":{"start":{"line":227,"column":27},"end":{"line":264,"column":1}},"62":{"start":{"line":228,"column":2},"end":{"line":263,"column":3}},"63":{"start":{"line":229,"column":27},"end":{"line":229,"column":35}},"64":{"start":{"line":231,"column":17},"end":{"line":235,"column":5}},"65":{"start":{"line":237,"column":4},"end":{"line":242,"column":5}},"66":{"start":{"line":238,"column":6},"end":{"line":241,"column":9}},"67":{"start":{"line":245,"column":4},"end":{"line":254,"column":6}},"68":{"start":{"line":256,"column":4},"end":{"line":260,"column":7}},"69":{"start":{"line":262,"column":4},"end":{"line":262,"column":16}},"70":{"start":{"line":269,"column":32},"end":{"line":306,"column":1}},"71":{"start":{"line":270,"column":2},"end":{"line":305,"column":3}},"72":{"start":{"line":271,"column":25},"end":{"line":271,"column":33}},"73":{"start":{"line":273,"column":17},"end":{"line":277,"column":5}},"74":{"start":{"line":279,"column":4},"end":{"line":284,"column":5}},"75":{"start":{"line":280,"column":6},"end":{"line":283,"column":9}},"76":{"start":{"line":287,"column":4},"end":{"line":296,"column":6}},"77":{"start":{"line":298,"column":4},"end":{"line":302,"column":7}},"78":{"start":{"line":304,"column":4},"end":{"line":304,"column":16}},"79":{"start":{"line":311,"column":26},"end":{"line":339,"column":1}},"80":{"start":{"line":312,"column":2},"end":{"line":338,"column":3}},"81":{"start":{"line":313,"column":17},"end":{"line":313,"column":51}},"82":{"start":{"line":315,"column":4},"end":{"line":320,"column":5}},"83":{"start":{"line":316,"column":6},"end":{"line":319,"column":9}},"84":{"start":{"line":323,"column":4},"end":{"line":328,"column":5}},"85":{"start":{"line":324,"column":6},"end":{"line":327,"column":9}},"86":{"start":{"line":330,"column":4},"end":{"line":330,"column":27}},"87":{"start":{"line":332,"column":4},"end":{"line":335,"column":7}},"88":{"start":{"line":337,"column":4},"end":{"line":337,"column":16}},"89":{"start":{"line":344,"column":31},"end":{"line":359,"column":1}},"90":{"start":{"line":345,"column":2},"end":{"line":358,"column":3}},"91":{"start":{"line":346,"column":22},"end":{"line":349,"column":25}},"92":{"start":{"line":351,"column":4},"end":{"line":355,"column":7}},"93":{"start":{"line":357,"column":4},"end":{"line":357,"column":16}},"94":{"start":{"line":364,"column":30},"end":{"line":384,"column":1}},"95":{"start":{"line":365,"column":2},"end":{"line":383,"column":3}},"96":{"start":{"line":366,"column":21},"end":{"line":366,"column":59}},"97":{"start":{"line":368,"column":4},"end":{"line":373,"column":5}},"98":{"start":{"line":369,"column":6},"end":{"line":372,"column":9}},"99":{"start":{"line":375,"column":4},"end":{"line":375,"column":31}},"100":{"start":{"line":377,"column":4},"end":{"line":380,"column":7}},"101":{"start":{"line":382,"column":4},"end":{"line":382,"column":16}},"102":{"start":{"line":389,"column":31},"end":{"line":508,"column":1}},"103":{"start":{"line":390,"column":2},"end":{"line":507,"column":3}},"104":{"start":{"line":391,"column":35},"end":{"line":391,"column":44}},"105":{"start":{"line":393,"column":23},"end":{"line":393,"column":25}},"106":{"start":{"line":394,"column":4},"end":{"line":394,"column":57}},"107":{"start":{"line":394,"column":19},"end":{"line":394,"column":57}},"108":{"start":{"line":395,"column":4},"end":{"line":395,"column":53}},"109":{"start":{"line":395,"column":17},"end":{"line":395,"column":53}},"110":{"start":{"line":397,"column":24},"end":{"line":399,"column":10}},"111":{"start":{"line":402,"column":28},"end":{"line":411,"column":6}},"112":{"start":{"line":414,"column":25},"end":{"line":422,"column":6}},"113":{"start":{"line":425,"column":26},"end":{"line":433,"column":6}},"114":{"start":{"line":436,"column":22},"end":{"line":464,"column":6}},"115":{"start":{"line":467,"column":20},"end":{"line":493,"column":6}},"116":{"start":{"line":495,"column":4},"end":{"line":504,"column":7}},"117":{"start":{"line":506,"column":4},"end":{"line":506,"column":16}}},"fnMap":{"0":{"name":"(anonymous_0)","decl":{"start":{"line":10,"column":33},"end":{"line":10,"column":34}},"loc":{"start":{"line":10,"column":59},"end":{"line":145,"column":1}},"line":10},"1":{"name":"(anonymous_1)","decl":{"start":{"line":150,"column":27},"end":{"line":150,"column":28}},"loc":{"start":{"line":150,"column":53},"end":{"line":170,"column":1}},"line":150},"2":{"name":"(anonymous_2)","decl":{"start":{"line":175,"column":27},"end":{"line":175,"column":28}},"loc":{"start":{"line":175,"column":53},"end":{"line":222,"column":1}},"line":175},"3":{"name":"(anonymous_3)","decl":{"start":{"line":227,"column":27},"end":{"line":227,"column":28}},"loc":{"start":{"line":227,"column":53},"end":{"line":264,"column":1}},"line":227},"4":{"name":"(anonymous_4)","decl":{"start":{"line":269,"column":32},"end":{"line":269,"column":33}},"loc":{"start":{"line":269,"column":58},"end":{"line":306,"column":1}},"line":269},"5":{"name":"(anonymous_5)","decl":{"start":{"line":311,"column":26},"end":{"line":311,"column":27}},"loc":{"start":{"line":311,"column":52},"end":{"line":339,"column":1}},"line":311},"6":{"name":"(anonymous_6)","decl":{"start":{"line":344,"column":31},"end":{"line":344,"column":32}},"loc":{"start":{"line":344,"column":57},"end":{"line":359,"column":1}},"line":344},"7":{"name":"(anonymous_7)","decl":{"start":{"line":364,"column":30},"end":{"line":364,"column":31}},"loc":{"start":{"line":364,"column":56},"end":{"line":384,"column":1}},"line":364},"8":{"name":"(anonymous_8)","decl":{"start":{"line":389,"column":31},"end":{"line":389,"column":32}},"loc":{"start":{"line":389,"column":57},"end":{"line":508,"column":1}},"line":389}},"branchMap":{"0":{"loc":{"start":{"line":48,"column":27},"end":{"line":48,"column":92}},"type":"cond-expr","locations":[{"start":{"line":48,"column":56},"end":{"line":48,"column":88}},{"start":{"line":48,"column":91},"end":{"line":48,"column":92}}],"line":48},"1":{"loc":{"start":{"line":156,"column":4},"end":{"line":156,"column":32}},"type":"if","locations":[{"start":{"line":156,"column":4},"end":{"line":156,"column":32}},{"start":{},"end":{}}],"line":156},"2":{"loc":{"start":{"line":157,"column":4},"end":{"line":157,"column":75}},"type":"if","locations":[{"start":{"line":157,"column":4},"end":{"line":157,"column":75}},{"start":{},"end":{}}],"line":157},"3":{"loc":{"start":{"line":158,"column":4},"end":{"line":158,"column":69}},"type":"if","locations":[{"start":{"line":158,"column":4},"end":{"line":158,"column":69}},{"start":{},"end":{}}],"line":158},"4":{"loc":{"start":{"line":179,"column":4},"end":{"line":184,"column":5}},"type":"if","locations":[{"start":{"line":179,"column":4},"end":{"line":184,"column":5}},{"start":{},"end":{}}],"line":179},"5":{"loc":{"start":{"line":189,"column":4},"end":{"line":210,"column":5}},"type":"if","locations":[{"start":{"line":189,"column":4},"end":{"line":210,"column":5}},{"start":{"line":196,"column":11},"end":{"line":210,"column":5}}],"line":189},"6":{"loc":{"start":{"line":196,"column":11},"end":{"line":210,"column":5}},"type":"if","locations":[{"start":{"line":196,"column":11},"end":{"line":210,"column":5}},{"start":{"line":203,"column":11},"end":{"line":210,"column":5}}],"line":196},"7":{"loc":{"start":{"line":203,"column":11},"end":{"line":210,"column":5}},"type":"if","locations":[{"start":{"line":203,"column":11},"end":{"line":210,"column":5}},{"start":{},"end":{}}],"line":203},"8":{"loc":{"start":{"line":237,"column":4},"end":{"line":242,"column":5}},"type":"if","locations":[{"start":{"line":237,"column":4},"end":{"line":242,"column":5}},{"start":{},"end":{}}],"line":237},"9":{"loc":{"start":{"line":248,"column":6},"end":{"line":248,"column":61}},"type":"cond-expr","locations":[{"start":{"line":248,"column":19},"end":{"line":248,"column":37}},{"start":{"line":248,"column":40},"end":{"line":248,"column":61}}],"line":248},"10":{"loc":{"start":{"line":249,"column":6},"end":{"line":251,"column":50}},"type":"cond-expr","locations":[{"start":{"line":250,"column":10},"end":{"line":250,"column":51}},{"start":{"line":251,"column":10},"end":{"line":251,"column":50}}],"line":249},"11":{"loc":{"start":{"line":259,"column":23},"end":{"line":259,"column":62}},"type":"cond-expr","locations":[{"start":{"line":259,"column":36},"end":{"line":259,"column":46}},{"start":{"line":259,"column":49},"end":{"line":259,"column":62}}],"line":259},"12":{"loc":{"start":{"line":279,"column":4},"end":{"line":284,"column":5}},"type":"if","locations":[{"start":{"line":279,"column":4},"end":{"line":284,"column":5}},{"start":{},"end":{}}],"line":279},"13":{"loc":{"start":{"line":290,"column":6},"end":{"line":290,"column":60}},"type":"cond-expr","locations":[{"start":{"line":290,"column":17},"end":{"line":290,"column":36}},{"start":{"line":290,"column":39},"end":{"line":290,"column":60}}],"line":290},"14":{"loc":{"start":{"line":291,"column":6},"end":{"line":293,"column":54}},"type":"cond-expr","locations":[{"start":{"line":292,"column":10},"end":{"line":292,"column":43}},{"start":{"line":293,"column":10},"end":{"line":293,"column":54}}],"line":291},"15":{"loc":{"start":{"line":301,"column":23},"end":{"line":301,"column":61}},"type":"cond-expr","locations":[{"start":{"line":301,"column":34},"end":{"line":301,"column":45}},{"start":{"line":301,"column":48},"end":{"line":301,"column":61}}],"line":301},"16":{"loc":{"start":{"line":315,"column":4},"end":{"line":320,"column":5}},"type":"if","locations":[{"start":{"line":315,"column":4},"end":{"line":320,"column":5}},{"start":{},"end":{}}],"line":315},"17":{"loc":{"start":{"line":323,"column":4},"end":{"line":328,"column":5}},"type":"if","locations":[{"start":{"line":323,"column":4},"end":{"line":328,"column":5}},{"start":{},"end":{}}],"line":323},"18":{"loc":{"start":{"line":368,"column":4},"end":{"line":373,"column":5}},"type":"if","locations":[{"start":{"line":368,"column":4},"end":{"line":373,"column":5}},{"start":{},"end":{}}],"line":368},"19":{"loc":{"start":{"line":394,"column":4},"end":{"line":394,"column":57}},"type":"if","locations":[{"start":{"line":394,"column":4},"end":{"line":394,"column":57}},{"start":{},"end":{}}],"line":394},"20":{"loc":{"start":{"line":395,"column":4},"end":{"line":395,"column":53}},"type":"if","locations":[{"start":{"line":395,"column":4},"end":{"line":395,"column":53}},{"start":{},"end":{}}],"line":395},"21":{"loc":{"start":{"line":397,"column":24},"end":{"line":399,"column":10}},"type":"cond-expr","locations":[{"start":{"line":398,"column":8},"end":{"line":398,"column":33}},{"start":{"line":399,"column":8},"end":{"line":399,"column":10}}],"line":397}},"s":{"0":1,"1":0,"2":0,"3":0,"4":0,"5":0,"6":0,"7":0,"8":0,"9":0,"10":0,"11":0,"12":0,"13":0,"14":0,"15":0,"16":0,"17":0,"18":0,"19":0,"20":0,"21":0,"22":0,"23":0,"24":0,"25":0,"26":0,"27":0,"28":1,"29":0,"30":0,"31":0,"32":0,"33":0,"34":0,"35":0,"36":0,"37":0,"38":0,"39":0,"40":0,"41":1,"42":0,"43":0,"44":0,"45":0,"46":0,"47":0,"48":0,"49":0,"50":0,"51":0,"52":0,"53":0,"54":0,"55":0,"56":0,"57":0,"58":0,"59":0,"60":0,"61":1,"62":0,"63":0,"64":0,"65":0,"66":0,"67":0,"68":0,"69":0,"70":1,"71":0,"72":0,"73":0,"74":0,"75":0,"76":0,"77":0,"78":0,"79":1,"80":0,"81":0,"82":0,"83":0,"84":0,"85":0,"86":0,"87":0,"88":0,"89":1,"90":0,"91":0,"92":0,"93":0,"94":1,"95":0,"96":0,"97":0,"98":0,"99":0,"100":0,"101":0,"102":1,"103":1,"104":1,"105":1,"106":1,"107":0,"108":1,"109":0,"110":1,"111":1,"112":1,"113":1,"114":1,"115":1,"116":1,"117":0},"f":{"0":0,"1":0,"2":0,"3":0,"4":0,"5":0,"6":0,"7":0,"8":1},"b":{"0":[0,0],"1":[0,0],"2":[0,0],"3":[0,0],"4":[0,0],"5":[0,0],"6":[0,0],"7":[0,0],"8":[0,0],"9":[0,0],"10":[0,0],"11":[0,0],"12":[0,0],"13":[0,0],"14":[0,0],"15":[0,0],"16":[0,0],"17":[0,0],"18":[0,0],"19":[0,1],"20":[0,1],"21":[0,1]},"inputSourceMap":null,"_coverageSchema":"1a1c01bbd47fc00a2c39e90264f33305004495a9","hash":"a7af756416fe3ab5082f21af90e442dc1300065a"}
,"C:\\Users\\Lenovo\\Desktop\\FoodShare\\backend\\src\\controllers\\authController.js": {"path":"C:\\Users\\Lenovo\\Desktop\\FoodShare\\backend\\src\\controllers\\authController.js","statementMap":{"0":{"start":{"line":7,"column":24},"end":{"line":34,"column":1}},"1":{"start":{"line":8,"column":2},"end":{"line":33,"column":3}},"2":{"start":{"line":9,"column":65},"end":{"line":9,"column":73}},"3":{"start":{"line":12,"column":25},"end":{"line":12,"column":54}},"4":{"start":{"line":13,"column":4},"end":{"line":18,"column":5}},"5":{"start":{"line":14,"column":6},"end":{"line":17,"column":9}},"6":{"start":{"line":21,"column":17},"end":{"line":28,"column":6}},"7":{"start":{"line":30,"column":4},"end":{"line":30,"column":38}},"8":{"start":{"line":32,"column":4},"end":{"line":32,"column":16}},"9":{"start":{"line":39,"column":21},"end":{"line":83,"column":1}},"10":{"start":{"line":40,"column":2},"end":{"line":82,"column":3}},"11":{"start":{"line":41,"column":32},"end":{"line":41,"column":40}},"12":{"start":{"line":44,"column":4},"end":{"line":49,"column":5}},"13":{"start":{"line":45,"column":6},"end":{"line":48,"column":9}},"14":{"start":{"line":52,"column":17},"end":{"line":52,"column":66}},"15":{"start":{"line":54,"column":4},"end":{"line":59,"column":5}},"16":{"start":{"line":55,"column":6},"end":{"line":58,"column":9}},"17":{"start":{"line":62,"column":20},"end":{"line":62,"column":56}},"18":{"start":{"line":64,"column":4},"end":{"line":69,"column":5}},"19":{"start":{"line":65,"column":6},"end":{"line":68,"column":9}},"20":{"start":{"line":72,"column":4},"end":{"line":77,"column":5}},"21":{"start":{"line":73,"column":6},"end":{"line":76,"column":9}},"22":{"start":{"line":79,"column":4},"end":{"line":79,"column":38}},"23":{"start":{"line":81,"column":4},"end":{"line":81,"column":16}},"24":{"start":{"line":88,"column":21},"end":{"line":99,"column":1}},"25":{"start":{"line":89,"column":2},"end":{"line":98,"column":3}},"26":{"start":{"line":90,"column":17},"end":{"line":90,"column":49}},"27":{"start":{"line":92,"column":4},"end":{"line":95,"column":7}},"28":{"start":{"line":97,"column":4},"end":{"line":97,"column":16}},"29":{"start":{"line":104,"column":29},"end":{"line":125,"column":1}},"30":{"start":{"line":105,"column":2},"end":{"line":124,"column":3}},"31":{"start":{"line":106,"column":27},"end":{"line":111,"column":5}},"32":{"start":{"line":113,"column":17},"end":{"line":116,"column":6}},"33":{"start":{"line":118,"column":4},"end":{"line":121,"column":7}},"34":{"start":{"line":123,"column":4},"end":{"line":123,"column":16}},"35":{"start":{"line":130,"column":30},"end":{"line":149,"column":1}},"36":{"start":{"line":131,"column":2},"end":{"line":148,"column":3}},"37":{"start":{"line":132,"column":17},"end":{"line":132,"column":69}},"38":{"start":{"line":135,"column":4},"end":{"line":140,"column":5}},"39":{"start":{"line":136,"column":6},"end":{"line":139,"column":9}},"40":{"start":{"line":142,"column":4},"end":{"line":142,"column":41}},"41":{"start":{"line":143,"column":4},"end":{"line":143,"column":22}},"42":{"start":{"line":145,"column":4},"end":{"line":145,"column":38}},"43":{"start":{"line":147,"column":4},"end":{"line":147,"column":16}}},"fnMap":{"0":{"name":"(anonymous_0)","decl":{"start":{"line":7,"column":24},"end":{"line":7,"column":25}},"loc":{"start":{"line":7,"column":50},"end":{"line":34,"column":1}},"line":7},"1":{"name":"(anonymous_1)","decl":{"start":{"line":39,"column":21},"end":{"line":39,"column":22}},"loc":{"start":{"line":39,"column":47},"end":{"line":83,"column":1}},"line":39},"2":{"name":"(anonymous_2)","decl":{"start":{"line":88,"column":21},"end":{"line":88,"column":22}},"loc":{"start":{"line":88,"column":47},"end":{"line":99,"column":1}},"line":88},"3":{"name":"(anonymous_3)","decl":{"start":{"line":104,"column":29},"end":{"line":104,"column":30}},"loc":{"start":{"line":104,"column":55},"end":{"line":125,"column":1}},"line":104},"4":{"name":"(anonymous_4)","decl":{"start":{"line":130,"column":30},"end":{"line":130,"column":31}},"loc":{"start":{"line":130,"column":56},"end":{"line":149,"column":1}},"line":130}},"branchMap":{"0":{"loc":{"start":{"line":13,"column":4},"end":{"line":18,"column":5}},"type":"if","locations":[{"start":{"line":13,"column":4},"end":{"line":18,"column":5}},{"start":{},"end":{}}],"line":13},"1":{"loc":{"start":{"line":44,"column":4},"end":{"line":49,"column":5}},"type":"if","locations":[{"start":{"line":44,"column":4},"end":{"line":49,"column":5}},{"start":{},"end":{}}],"line":44},"2":{"loc":{"start":{"line":44,"column":8},"end":{"line":44,"column":27}},"type":"binary-expr","locations":[{"start":{"line":44,"column":8},"end":{"line":44,"column":14}},{"start":{"line":44,"column":18},"end":{"line":44,"column":27}}],"line":44},"3":{"loc":{"start":{"line":54,"column":4},"end":{"line":59,"column":5}},"type":"if","locations":[{"start":{"line":54,"column":4},"end":{"line":59,"column":5}},{"start":{},"end":{}}],"line":54},"4":{"loc":{"start":{"line":64,"column":4},"end":{"line":69,"column":5}},"type":"if","locations":[{"start":{"line":64,"column":4},"end":{"line":69,"column":5}},{"start":{},"end":{}}],"line":64},"5":{"loc":{"start":{"line":72,"column":4},"end":{"line":77,"column":5}},"type":"if","locations":[{"start":{"line":72,"column":4},"end":{"line":77,"column":5}},{"start":{},"end":{}}],"line":72},"6":{"loc":{"start":{"line":135,"column":4},"end":{"line":140,"column":5}},"type":"if","locations":[{"start":{"line":135,"column":4},"end":{"line":140,"column":5}},{"start":{},"end":{}}],"line":135}},"s":{"0":2,"1":2,"2":2,"3":2,"4":2,"5":1,"6":1,"7":1,"8":0,"9":2,"10":0,"11":0,"12":0,"13":0,"14":0,"15":0,"16":0,"17":0,"18":0,"19":0,"20":0,"21":0,"22":0,"23":0,"24":2,"25":0,"26":0,"27":0,"28":0,"29":2,"30":0,"31":0,"32":0,"33":0,"34":0,"35":2,"36":0,"37":0,"38":0,"39":0,"40":0,"41":0,"42":0,"43":0},"f":{"0":2,"1":0,"2":0,"3":0,"4":0},"b":{"0":[1,1],"1":[0,0],"2":[0,0],"3":[0,0],"4":[0,0],"5":[0,0],"6":[0,0]},"inputSourceMap":null,"_coverageSchema":"1a1c01bbd47fc00a2c39e90264f33305004495a9","hash":"35b4568210a94018dffbfcb0785b26fc92d5a077"}
,"C:\\Users\\Lenovo\\Desktop\\FoodShare\\backend\\src\\controllers\\claimController.js": {"path":"C:\\Users\\Lenovo\\Desktop\\FoodShare\\backend\\src\\controllers\\claimController.js","statementMap":{"0":{"start":{"line":9,"column":29},"end":{"line":102,"column":1}},"1":{"start":{"line":10,"column":2},"end":{"line":101,"column":3}},"2":{"start":{"line":11,"column":27},"end":{"line":11,"column":37}},"3":{"start":{"line":12,"column":22},"end":{"line":12,"column":30}},"4":{"start":{"line":15,"column":21},"end":{"line":15,"column":94}},"5":{"start":{"line":17,"column":4},"end":{"line":22,"column":5}},"6":{"start":{"line":18,"column":6},"end":{"line":21,"column":9}},"7":{"start":{"line":25,"column":4},"end":{"line":30,"column":5}},"8":{"start":{"line":26,"column":6},"end":{"line":29,"column":9}},"9":{"start":{"line":33,"column":4},"end":{"line":41,"column":5}},"10":{"start":{"line":34,"column":6},"end":{"line":34,"column":34}},"11":{"start":{"line":35,"column":6},"end":{"line":35,"column":28}},"12":{"start":{"line":37,"column":6},"end":{"line":40,"column":9}},"13":{"start":{"line":44,"column":26},"end":{"line":47,"column":6}},"14":{"start":{"line":49,"column":4},"end":{"line":54,"column":5}},"15":{"start":{"line":50,"column":6},"end":{"line":53,"column":9}},"16":{"start":{"line":57,"column":18},"end":{"line":61,"column":6}},"17":{"start":{"line":64,"column":4},"end":{"line":64,"column":32}},"18":{"start":{"line":65,"column":4},"end":{"line":65,"column":37}},"19":{"start":{"line":66,"column":4},"end":{"line":66,"column":36}},"20":{"start":{"line":67,"column":4},"end":{"line":67,"column":26}},"21":{"start":{"line":70,"column":26},"end":{"line":80,"column":6}},"22":{"start":{"line":83,"column":4},"end":{"line":83,"column":79}},"23":{"start":{"line":86,"column":4},"end":{"line":89,"column":7}},"24":{"start":{"line":91,"column":4},"end":{"line":98,"column":7}},"25":{"start":{"line":100,"column":4},"end":{"line":100,"column":16}},"26":{"start":{"line":107,"column":27},"end":{"line":125,"column":1}},"27":{"start":{"line":108,"column":2},"end":{"line":124,"column":3}},"28":{"start":{"line":109,"column":19},"end":{"line":115,"column":25}},"29":{"start":{"line":117,"column":4},"end":{"line":121,"column":7}},"30":{"start":{"line":123,"column":4},"end":{"line":123,"column":16}},"31":{"start":{"line":130,"column":24},"end":{"line":161,"column":1}},"32":{"start":{"line":131,"column":2},"end":{"line":160,"column":3}},"33":{"start":{"line":132,"column":18},"end":{"line":137,"column":55}},"34":{"start":{"line":139,"column":4},"end":{"line":144,"column":5}},"35":{"start":{"line":140,"column":6},"end":{"line":143,"column":9}},"36":{"start":{"line":147,"column":4},"end":{"line":152,"column":5}},"37":{"start":{"line":148,"column":6},"end":{"line":151,"column":9}},"38":{"start":{"line":154,"column":4},"end":{"line":157,"column":7}},"39":{"start":{"line":159,"column":4},"end":{"line":159,"column":16}},"40":{"start":{"line":166,"column":33},"end":{"line":211,"column":1}},"41":{"start":{"line":167,"column":2},"end":{"line":210,"column":3}},"42":{"start":{"line":168,"column":23},"end":{"line":168,"column":31}},"43":{"start":{"line":170,"column":16},"end":{"line":170,"column":51}},"44":{"start":{"line":172,"column":4},"end":{"line":177,"column":5}},"45":{"start":{"line":173,"column":6},"end":{"line":176,"column":9}},"46":{"start":{"line":180,"column":4},"end":{"line":185,"column":5}},"47":{"start":{"line":181,"column":6},"end":{"line":184,"column":9}},"48":{"start":{"line":187,"column":4},"end":{"line":187,"column":26}},"49":{"start":{"line":188,"column":4},"end":{"line":188,"column":23}},"50":{"start":{"line":191,"column":4},"end":{"line":196,"column":5}},"51":{"start":{"line":192,"column":6},"end":{"line":195,"column":9}},"52":{"start":{"line":198,"column":4},"end":{"line":201,"column":7}},"53":{"start":{"line":203,"column":4},"end":{"line":207,"column":7}},"54":{"start":{"line":209,"column":4},"end":{"line":209,"column":16}},"55":{"start":{"line":216,"column":28},"end":{"line":234,"column":1}},"56":{"start":{"line":217,"column":2},"end":{"line":233,"column":3}},"57":{"start":{"line":218,"column":19},"end":{"line":224,"column":25}},"58":{"start":{"line":226,"column":4},"end":{"line":230,"column":7}},"59":{"start":{"line":232,"column":4},"end":{"line":232,"column":16}}},"fnMap":{"0":{"name":"(anonymous_0)","decl":{"start":{"line":9,"column":29},"end":{"line":9,"column":30}},"loc":{"start":{"line":9,"column":55},"end":{"line":102,"column":1}},"line":9},"1":{"name":"(anonymous_1)","decl":{"start":{"line":107,"column":27},"end":{"line":107,"column":28}},"loc":{"start":{"line":107,"column":53},"end":{"line":125,"column":1}},"line":107},"2":{"name":"(anonymous_2)","decl":{"start":{"line":130,"column":24},"end":{"line":130,"column":25}},"loc":{"start":{"line":130,"column":50},"end":{"line":161,"column":1}},"line":130},"3":{"name":"(anonymous_3)","decl":{"start":{"line":166,"column":33},"end":{"line":166,"column":34}},"loc":{"start":{"line":166,"column":59},"end":{"line":211,"column":1}},"line":166},"4":{"name":"(anonymous_4)","decl":{"start":{"line":216,"column":28},"end":{"line":216,"column":29}},"loc":{"start":{"line":216,"column":54},"end":{"line":234,"column":1}},"line":216}},"branchMap":{"0":{"loc":{"start":{"line":17,"column":4},"end":{"line":22,"column":5}},"type":"if","locations":[{"start":{"line":17,"column":4},"end":{"line":22,"column":5}},{"start":{},"end":{}}],"line":17},"1":{"loc":{"start":{"line":25,"column":4},"end":{"line":30,"column":5}},"type":"if","locations":[{"start":{"line":25,"column":4},"end":{"line":30,"column":5}},{"start":{},"end":{}}],"line":25},"2":{"loc":{"start":{"line":33,"column":4},"end":{"line":41,"column":5}},"type":"if","locations":[{"start":{"line":33,"column":4},"end":{"line":41,"column":5}},{"start":{},"end":{}}],"line":33},"3":{"loc":{"start":{"line":49,"column":4},"end":{"line":54,"column":5}},"type":"if","locations":[{"start":{"line":49,"column":4},"end":{"line":54,"column":5}},{"start":{},"end":{}}],"line":49},"4":{"loc":{"start":{"line":76,"column":17},"end":{"line":76,"column":51}},"type":"binary-expr","locations":[{"start":{"line":76,"column":17},"end":{"line":76,"column":33}},{"start":{"line":76,"column":37},"end":{"line":76,"column":51}}],"line":76},"5":{"loc":{"start":{"line":139,"column":4},"end":{"line":144,"column":5}},"type":"if","locations":[{"start":{"line":139,"column":4},"end":{"line":144,"column":5}},{"start":{},"end":{}}],"line":139},"6":{"loc":{"start":{"line":147,"column":4},"end":{"line":152,"column":5}},"type":"if","locations":[{"start":{"line":147,"column":4},"end":{"line":152,"column":5}},{"start":{},"end":{}}],"line":147},"7":{"loc":{"start":{"line":147,"column":8},"end":{"line":147,"column":77}},"type":"binary-expr","locations":[{"start":{"line":147,"column":8},"end":{"line":147,"column":48}},{"start":{"line":147,"column":52},"end":{"line":147,"column":77}}],"line":147},"8":{"loc":{"start":{"line":172,"column":4},"end":{"line":177,"column":5}},"type":"if","locations":[{"start":{"line":172,"column":4},"end":{"line":177,"column":5}},{"start":{},"end":{}}],"line":172},"9":{"loc":{"start":{"line":180,"column":4},"end":{"line":185,"column":5}},"type":"if","locations":[{"start":{"line":180,"column":4},"end":{"line":185,"column":5}},{"start":{},"end":{}}],"line":180},"10":{"loc":{"start":{"line":180,"column":8},"end":{"line":180,"column":73}},"type":"binary-expr","locations":[{"start":{"line":180,"column":8},"end":{"line":180,"column":44}},{"start":{"line":180,"column":48},"end":{"line":180,"column":73}}],"line":180},"11":{"loc":{"start":{"line":191,"column":4},"end":{"line":196,"column":5}},"type":"if","locations":[{"start":{"line":191,"column":4},"end":{"line":196,"column":5}},{"start":{},"end":{}}],"line":191}},"s":{"0":2,"1":2,"2":2,"3":2,"4":2,"5":2,"6":1,"7":1,"8":0,"9":1,"10":0,"11":0,"12":0,"13":1,"14":1,"15":0,"16":1,"17":1,"18":1,"19":1,"20":1,"21":1,"22":1,"23":1,"24":1,"25":0,"26":2,"27":0,"28":0,"29":0,"30":0,"31":2,"32":0,"33":0,"34":0,"35":0,"36":0,"37":0,"38":0,"39":0,"40":2,"41":0,"42":0,"43":0,"44":0,"45":0,"46":0,"47":0,"48":0,"49":0,"50":0,"51":0,"52":0,"53":0,"54":0,"55":2,"56":0,"57":0,"58":0,"59":0},"f":{"0":2,"1":0,"2":0,"3":0,"4":0},"b":{"0":[1,1],"1":[0,1],"2":[0,1],"3":[0,1],"4":[1,1],"5":[0,0],"6":[0,0],"7":[0,0],"8":[0,0],"9":[0,0],"10":[0,0],"11":[0,0]},"inputSourceMap":null,"_coverageSchema":"1a1c01bbd47fc00a2c39e90264f33305004495a9","hash":"a35722c70e11ab4f12b81c832390739577a6d6cf"}
,"C:\\Users\\Lenovo\\Desktop\\FoodShare\\backend\\src\\controllers\\donationController.js": {"path":"C:\\Users\\Lenovo\\Desktop\\FoodShare\\backend\\src\\controllers\\donationController.js","statementMap":{"0":{"start":{"line":7,"column":30},"end":{"line":45,"column":1}},"1":{"start":{"line":8,"column":2},"end":{"line":44,"column":3}},"2":{"start":{"line":9,"column":85},"end":{"line":9,"column":93}},"3":{"start":{"line":12,"column":23},"end":{"line":12,"column":33}},"4":{"start":{"line":13,"column":4},"end":{"line":13,"column":69}},"5":{"start":{"line":16,"column":4},"end":{"line":21,"column":5}},"6":{"start":{"line":17,"column":6},"end":{"line":20,"column":9}},"7":{"start":{"line":23,"column":21},"end":{"line":32,"column":6}},"8":{"start":{"line":35,"column":4},"end":{"line":35,"column":57}},"9":{"start":{"line":37,"column":4},"end":{"line":41,"column":7}},"10":{"start":{"line":43,"column":4},"end":{"line":43,"column":16}},"11":{"start":{"line":50,"column":37},"end":{"line":67,"column":1}},"12":{"start":{"line":51,"column":2},"end":{"line":66,"column":3}},"13":{"start":{"line":52,"column":22},"end":{"line":57,"column":25}},"14":{"start":{"line":59,"column":4},"end":{"line":63,"column":7}},"15":{"start":{"line":65,"column":4},"end":{"line":65,"column":16}},"16":{"start":{"line":72,"column":27},"end":{"line":92,"column":1}},"17":{"start":{"line":73,"column":2},"end":{"line":91,"column":3}},"18":{"start":{"line":74,"column":21},"end":{"line":76,"column":61}},"19":{"start":{"line":78,"column":4},"end":{"line":83,"column":5}},"20":{"start":{"line":79,"column":6},"end":{"line":82,"column":9}},"21":{"start":{"line":85,"column":4},"end":{"line":88,"column":7}},"22":{"start":{"line":90,"column":4},"end":{"line":90,"column":16}},"23":{"start":{"line":97,"column":30},"end":{"line":111,"column":1}},"24":{"start":{"line":98,"column":2},"end":{"line":110,"column":3}},"25":{"start":{"line":99,"column":22},"end":{"line":101,"column":25}},"26":{"start":{"line":103,"column":4},"end":{"line":107,"column":7}},"27":{"start":{"line":109,"column":4},"end":{"line":109,"column":16}},"28":{"start":{"line":116,"column":30},"end":{"line":181,"column":1}},"29":{"start":{"line":117,"column":2},"end":{"line":180,"column":3}},"30":{"start":{"line":118,"column":19},"end":{"line":118,"column":57}},"31":{"start":{"line":120,"column":4},"end":{"line":125,"column":5}},"32":{"start":{"line":121,"column":6},"end":{"line":124,"column":9}},"33":{"start":{"line":128,"column":4},"end":{"line":133,"column":5}},"34":{"start":{"line":129,"column":6},"end":{"line":132,"column":9}},"35":{"start":{"line":136,"column":4},"end":{"line":141,"column":5}},"36":{"start":{"line":137,"column":6},"end":{"line":140,"column":9}},"37":{"start":{"line":144,"column":27},"end":{"line":144,"column":96}},"38":{"start":{"line":145,"column":20},"end":{"line":145,"column":22}},"39":{"start":{"line":147,"column":4},"end":{"line":151,"column":7}},"40":{"start":{"line":148,"column":6},"end":{"line":150,"column":7}},"41":{"start":{"line":149,"column":8},"end":{"line":149,"column":41}},"42":{"start":{"line":154,"column":4},"end":{"line":166,"column":5}},"43":{"start":{"line":155,"column":28},"end":{"line":155,"column":38}},"44":{"start":{"line":156,"column":6},"end":{"line":156,"column":86}},"45":{"start":{"line":158,"column":6},"end":{"line":163,"column":7}},"46":{"start":{"line":159,"column":8},"end":{"line":162,"column":11}},"47":{"start":{"line":165,"column":6},"end":{"line":165,"column":41}},"48":{"start":{"line":168,"column":4},"end":{"line":171,"column":45}},"49":{"start":{"line":173,"column":4},"end":{"line":177,"column":7}},"50":{"start":{"line":179,"column":4},"end":{"line":179,"column":16}},"51":{"start":{"line":186,"column":30},"end":{"line":222,"column":1}},"52":{"start":{"line":187,"column":2},"end":{"line":221,"column":3}},"53":{"start":{"line":188,"column":21},"end":{"line":188,"column":59}},"54":{"start":{"line":190,"column":4},"end":{"line":195,"column":5}},"55":{"start":{"line":191,"column":6},"end":{"line":194,"column":9}},"56":{"start":{"line":198,"column":4},"end":{"line":203,"column":5}},"57":{"start":{"line":199,"column":6},"end":{"line":202,"column":9}},"58":{"start":{"line":206,"column":4},"end":{"line":211,"column":5}},"59":{"start":{"line":207,"column":6},"end":{"line":210,"column":9}},"60":{"start":{"line":213,"column":4},"end":{"line":213,"column":31}},"61":{"start":{"line":215,"column":4},"end":{"line":218,"column":7}},"62":{"start":{"line":220,"column":4},"end":{"line":220,"column":16}},"63":{"start":{"line":227,"column":31},"end":{"line":264,"column":1}},"64":{"start":{"line":228,"column":2},"end":{"line":263,"column":3}},"65":{"start":{"line":229,"column":59},"end":{"line":229,"column":68}},"66":{"start":{"line":231,"column":18},"end":{"line":231,"column":20}},"67":{"start":{"line":233,"column":4},"end":{"line":235,"column":5}},"68":{"start":{"line":234,"column":6},"end":{"line":234,"column":59}},"69":{"start":{"line":237,"column":4},"end":{"line":242,"column":5}},"70":{"start":{"line":238,"column":6},"end":{"line":238,"column":28}},"71":{"start":{"line":240,"column":6},"end":{"line":240,"column":33}},"72":{"start":{"line":241,"column":6},"end":{"line":241,"column":45}},"73":{"start":{"line":244,"column":4},"end":{"line":246,"column":5}},"74":{"start":{"line":245,"column":6},"end":{"line":245,"column":72}},"75":{"start":{"line":248,"column":4},"end":{"line":250,"column":5}},"76":{"start":{"line":249,"column":6},"end":{"line":249,"column":72}},"77":{"start":{"line":252,"column":22},"end":{"line":254,"column":25}},"78":{"start":{"line":256,"column":4},"end":{"line":260,"column":7}},"79":{"start":{"line":262,"column":4},"end":{"line":262,"column":16}}},"fnMap":{"0":{"name":"(anonymous_0)","decl":{"start":{"line":7,"column":30},"end":{"line":7,"column":31}},"loc":{"start":{"line":7,"column":56},"end":{"line":45,"column":1}},"line":7},"1":{"name":"(anonymous_1)","decl":{"start":{"line":50,"column":37},"end":{"line":50,"column":38}},"loc":{"start":{"line":50,"column":63},"end":{"line":67,"column":1}},"line":50},"2":{"name":"(anonymous_2)","decl":{"start":{"line":72,"column":27},"end":{"line":72,"column":28}},"loc":{"start":{"line":72,"column":53},"end":{"line":92,"column":1}},"line":72},"3":{"name":"(anonymous_3)","decl":{"start":{"line":97,"column":30},"end":{"line":97,"column":31}},"loc":{"start":{"line":97,"column":56},"end":{"line":111,"column":1}},"line":97},"4":{"name":"(anonymous_4)","decl":{"start":{"line":116,"column":30},"end":{"line":116,"column":31}},"loc":{"start":{"line":116,"column":56},"end":{"line":181,"column":1}},"line":116},"5":{"name":"(anonymous_5)","decl":{"start":{"line":147,"column":27},"end":{"line":147,"column":28}},"loc":{"start":{"line":147,"column":36},"end":{"line":151,"column":5}},"line":147},"6":{"name":"(anonymous_6)","decl":{"start":{"line":186,"column":30},"end":{"line":186,"column":31}},"loc":{"start":{"line":186,"column":56},"end":{"line":222,"column":1}},"line":186},"7":{"name":"(anonymous_7)","decl":{"start":{"line":227,"column":31},"end":{"line":227,"column":32}},"loc":{"start":{"line":227,"column":57},"end":{"line":264,"column":1}},"line":227}},"branchMap":{"0":{"loc":{"start":{"line":16,"column":4},"end":{"line":21,"column":5}},"type":"if","locations":[{"start":{"line":16,"column":4},"end":{"line":21,"column":5}},{"start":{},"end":{}}],"line":16},"1":{"loc":{"start":{"line":31,"column":14},"end":{"line":31,"column":26}},"type":"binary-expr","locations":[{"start":{"line":31,"column":14},"end":{"line":31,"column":20}},{"start":{"line":31,"column":24},"end":{"line":31,"column":26}}],"line":31},"2":{"loc":{"start":{"line":78,"column":4},"end":{"line":83,"column":5}},"type":"if","locations":[{"start":{"line":78,"column":4},"end":{"line":83,"column":5}},{"start":{},"end":{}}],"line":78},"3":{"loc":{"start":{"line":120,"column":4},"end":{"line":125,"column":5}},"type":"if","locations":[{"start":{"line":120,"column":4},"end":{"line":125,"column":5}},{"start":{},"end":{}}],"line":120},"4":{"loc":{"start":{"line":128,"column":4},"end":{"line":133,"column":5}},"type":"if","locations":[{"start":{"line":128,"column":4},"end":{"line":133,"column":5}},{"start":{},"end":{}}],"line":128},"5":{"loc":{"start":{"line":136,"column":4},"end":{"line":141,"column":5}},"type":"if","locations":[{"start":{"line":136,"column":4},"end":{"line":141,"column":5}},{"start":{},"end":{}}],"line":136},"6":{"loc":{"start":{"line":148,"column":6},"end":{"line":150,"column":7}},"type":"if","locations":[{"start":{"line":148,"column":6},"end":{"line":150,"column":7}},{"start":{},"end":{}}],"line":148},"7":{"loc":{"start":{"line":154,"column":4},"end":{"line":166,"column":5}},"type":"if","locations":[{"start":{"line":154,"column":4},"end":{"line":166,"column":5}},{"start":{},"end":{}}],"line":154},"8":{"loc":{"start":{"line":158,"column":6},"end":{"line":163,"column":7}},"type":"if","locations":[{"start":{"line":158,"column":6},"end":{"line":163,"column":7}},{"start":{},"end":{}}],"line":158},"9":{"loc":{"start":{"line":190,"column":4},"end":{"line":195,"column":5}},"type":"if","locations":[{"start":{"line":190,"column":4},"end":{"line":195,"column":5}},{"start":{},"end":{}}],"line":190},"10":{"loc":{"start":{"line":198,"column":4},"end":{"line":203,"column":5}},"type":"if","locations":[{"start":{"line":198,"column":4},"end":{"line":203,"column":5}},{"start":{},"end":{}}],"line":198},"11":{"loc":{"start":{"line":206,"column":4},"end":{"line":211,"column":5}},"type":"if","locations":[{"start":{"line":206,"column":4},"end":{"line":211,"column":5}},{"start":{},"end":{}}],"line":206},"12":{"loc":{"start":{"line":233,"column":4},"end":{"line":235,"column":5}},"type":"if","locations":[{"start":{"line":233,"column":4},"end":{"line":235,"column":5}},{"start":{},"end":{}}],"line":233},"13":{"loc":{"start":{"line":237,"column":4},"end":{"line":242,"column":5}},"type":"if","locations":[{"start":{"line":237,"column":4},"end":{"line":242,"column":5}},{"start":{"line":239,"column":11},"end":{"line":242,"column":5}}],"line":237},"14":{"loc":{"start":{"line":244,"column":4},"end":{"line":246,"column":5}},"type":"if","locations":[{"start":{"line":244,"column":4},"end":{"line":246,"column":5}},{"start":{},"end":{}}],"line":244},"15":{"loc":{"start":{"line":248,"column":4},"end":{"line":250,"column":5}},"type":"if","locations":[{"start":{"line":248,"column":4},"end":{"line":250,"column":5}},{"start":{},"end":{}}],"line":248}},"s":{"0":2,"1":2,"2":2,"3":2,"4":2,"5":2,"6":1,"7":1,"8":1,"9":1,"10":0,"11":2,"12":0,"13":0,"14":0,"15":0,"16":2,"17":0,"18":0,"19":0,"20":0,"21":0,"22":0,"23":2,"24":0,"25":0,"26":0,"27":0,"28":2,"29":0,"30":0,"31":0,"32":0,"33":0,"34":0,"35":0,"36":0,"37":0,"38":0,"39":0,"40":0,"41":0,"42":0,"43":0,"44":0,"45":0,"46":0,"47":0,"48":0,"49":0,"50":0,"51":2,"52":0,"53":0,"54":0,"55":0,"56":0,"57":0,"58":0,"59":0,"60":0,"61":0,"62":0,"63":2,"64":0,"65":0,"66":0,"67":0,"68":0,"69":0,"70":0,"71":0,"72":0,"73":0,"74":0,"75":0,"76":0,"77":0,"78":0,"79":0},"f":{"0":2,"1":0,"2":0,"3":0,"4":0,"5":0,"6":0,"7":0},"b":{"0":[1,1],"1":[1,1],"2":[0,0],"3":[0,0],"4":[0,0],"5":[0,0],"6":[0,0],"7":[0,0],"8":[0,0],"9":[0,0],"10":[0,0],"11":[0,0],"12":[0,0],"13":[0,0],"14":[0,0],"15":[0,0]},"inputSourceMap":null,"_coverageSchema":"1a1c01bbd47fc00a2c39e90264f33305004495a9","hash":"0298188da898c7c81955585182da806ad383faac"}
,"C:\\Users\\Lenovo\\Desktop\\FoodShare\\backend\\src\\models\\Notification.js": {"path":"C:\\Users\\Lenovo\\Desktop\\FoodShare\\backend\\src\\models\\Notification.js","statementMap":{"0":{"start":{"line":3,"column":27},"end":{"line":46,"column":2}},"1":{"start":{"line":49,"column":0},"end":{"line":49,"column":64}},"2":{"start":{"line":51,"column":21},"end":{"line":51,"column":71}}},"fnMap":{},"branchMap":{},"s":{"0":3,"1":3,"2":3},"f":{},"b":{},"inputSourceMap":null,"_coverageSchema":"1a1c01bbd47fc00a2c39e90264f33305004495a9","hash":"c7f5410d18a6ad95e59e22434906b95586e9dbea"}
,"C:\\Users\\Lenovo\\Desktop\\FoodShare\\backend\\src\\models\\User.js": {"path":"C:\\Users\\Lenovo\\Desktop\\FoodShare\\backend\\src\\models\\User.js","statementMap":{"0":{"start":{"line":4,"column":19},"end":{"line":56,"column":2}},"1":{"start":{"line":59,"column":0},"end":{"line":67,"column":3}},"2":{"start":{"line":60,"column":2},"end":{"line":62,"column":3}},"3":{"start":{"line":61,"column":4},"end":{"line":61,"column":18}},"4":{"start":{"line":64,"column":15},"end":{"line":64,"column":39}},"5":{"start":{"line":65,"column":2},"end":{"line":65,"column":57}},"6":{"start":{"line":66,"column":2},"end":{"line":66,"column":9}},"7":{"start":{"line":70,"column":0},"end":{"line":72,"column":2}},"8":{"start":{"line":71,"column":2},"end":{"line":71,"column":64}},"9":{"start":{"line":75,"column":0},"end":{"line":79,"column":2}},"10":{"start":{"line":76,"column":14},"end":{"line":76,"column":29}},"11":{"start":{"line":77,"column":2},"end":{"line":77,"column":22}},"12":{"start":{"line":78,"column":2},"end":{"line":78,"column":13}},"13":{"start":{"line":81,"column":13},"end":{"line":81,"column":47}}},"fnMap":{"0":{"name":"(anonymous_0)","decl":{"start":{"line":59,"column":23},"end":{"line":59,"column":24}},"loc":{"start":{"line":59,"column":44},"end":{"line":67,"column":1}},"line":59},"1":{"name":"(anonymous_1)","decl":{"start":{"line":70,"column":37},"end":{"line":70,"column":38}},"loc":{"start":{"line":70,"column":71},"end":{"line":72,"column":1}},"line":70},"2":{"name":"(anonymous_2)","decl":{"start":{"line":75,"column":28},"end":{"line":75,"column":29}},"loc":{"start":{"line":75,"column":39},"end":{"line":79,"column":1}},"line":75}},"branchMap":{"0":{"loc":{"start":{"line":60,"column":2},"end":{"line":62,"column":3}},"type":"if","locations":[{"start":{"line":60,"column":2},"end":{"line":62,"column":3}},{"start":{},"end":{}}],"line":60}},"s":{"0":1,"1":1,"2":0,"3":0,"4":0,"5":0,"6":0,"7":1,"8":0,"9":1,"10":0,"11":0,"12":0,"13":1},"f":{"0":0,"1":0,"2":0},"b":{"0":[0,0]},"inputSourceMap":null,"_coverageSchema":"1a1c01bbd47fc00a2c39e90264f33305004495a9","hash":"ec171feb363ccb1add5831da9e04cf6b67bce83f"}
,"C:\\Users\\Lenovo\\Desktop\\FoodShare\\backend\\src\\utils\\notifications.js": {"path":"C:\\Users\\Lenovo\\Desktop\\FoodShare\\backend\\src\\utils\\notifications.js","statementMap":{"0":{"start":{"line":3,"column":34},"end":{"line":19,"column":1}},"1":{"start":{"line":4,"column":2},"end":{"line":18,"column":3}},"2":{"start":{"line":5,"column":25},"end":{"line":12,"column":6}},"3":{"start":{"line":14,"column":4},"end":{"line":14,"column":24}},"4":{"start":{"line":16,"column":4},"end":{"line":16,"column":57}},"5":{"start":{"line":17,"column":4},"end":{"line":17,"column":16}},"6":{"start":{"line":21,"column":37},"end":{"line":30,"column":1}},"7":{"start":{"line":22,"column":2},"end":{"line":29,"column":4}},"8":{"start":{"line":32,"column":36},"end":{"line":41,"column":1}},"9":{"start":{"line":33,"column":2},"end":{"line":40,"column":4}},"10":{"start":{"line":43,"column":36},"end":{"line":52,"column":1}},"11":{"start":{"line":44,"column":2},"end":{"line":51,"column":4}},"12":{"start":{"line":54,"column":40},"end":{"line":69,"column":1}},"13":{"start":{"line":55,"column":25},"end":{"line":59,"column":3}},"14":{"start":{"line":61,"column":2},"end":{"line":68,"column":4}},"15":{"start":{"line":71,"column":42},"end":{"line":80,"column":1}},"16":{"start":{"line":72,"column":2},"end":{"line":79,"column":4}}},"fnMap":{"0":{"name":"(anonymous_0)","decl":{"start":{"line":3,"column":34},"end":{"line":3,"column":35}},"loc":{"start":{"line":3,"column":113},"end":{"line":19,"column":1}},"line":3},"1":{"name":"(anonymous_1)","decl":{"start":{"line":21,"column":37},"end":{"line":21,"column":38}},"loc":{"start":{"line":21,"column":77},"end":{"line":30,"column":1}},"line":21},"2":{"name":"(anonymous_2)","decl":{"start":{"line":32,"column":36},"end":{"line":32,"column":37}},"loc":{"start":{"line":32,"column":69},"end":{"line":41,"column":1}},"line":32},"3":{"name":"(anonymous_3)","decl":{"start":{"line":43,"column":36},"end":{"line":43,"column":37}},"loc":{"start":{"line":43,"column":78},"end":{"line":52,"column":1}},"line":43},"4":{"name":"(anonymous_4)","decl":{"start":{"line":54,"column":40},"end":{"line":54,"column":41}},"loc":{"start":{"line":54,"column":75},"end":{"line":69,"column":1}},"line":54},"5":{"name":"(anonymous_5)","decl":{"start":{"line":71,"column":42},"end":{"line":71,"column":43}},"loc":{"start":{"line":71,"column":73},"end":{"line":80,"column":1}},"line":71}},"branchMap":{"0":{"loc":{"start":{"line":3,"column":71},"end":{"line":3,"column":87}},"type":"default-arg","locations":[{"start":{"line":3,"column":83},"end":{"line":3,"column":87}}],"line":3},"1":{"loc":{"start":{"line":3,"column":89},"end":{"line":3,"column":108}},"type":"default-arg","locations":[{"start":{"line":3,"column":104},"end":{"line":3,"column":108}}],"line":3},"2":{"loc":{"start":{"line":65,"column":4},"end":{"line":65,"column":66}},"type":"binary-expr","locations":[{"start":{"line":65,"column":4},"end":{"line":65,"column":26}},{"start":{"line":65,"column":30},"end":{"line":65,"column":66}}],"line":65}},"s":{"0":3,"1":0,"2":0,"3":0,"4":0,"5":0,"6":3,"7":0,"8":3,"9":0,"10":3,"11":0,"12":3,"13":0,"14":0,"15":3,"16":0},"f":{"0":0,"1":0,"2":0,"3":0,"4":0,"5":0},"b":{"0":[0],"1":[0],"2":[0,0]},"inputSourceMap":null,"_coverageSchema":"1a1c01bbd47fc00a2c39e90264f33305004495a9","hash":"b1745d8087a0289c34e92059f3a4bcf4a22dbebb"}
}
