TN:
SF:src\controllers\adminController.js
FN:10,(anonymous_0)
FN:150,(anonymous_1)
FN:175,(anonymous_2)
FN:227,(anonymous_3)
FN:269,(anonymous_4)
FN:311,(anonymous_5)
FN:344,(anonymous_6)
FN:364,(anonymous_7)
FN:389,(anonymous_8)
FNF:9
FNH:1
FNDA:0,(anonymous_0)
FNDA:0,(anonymous_1)
FNDA:0,(anonymous_2)
FNDA:0,(anonymous_3)
FNDA:0,(anonymous_4)
FNDA:0,(anonymous_5)
FNDA:0,(anonymous_6)
FNDA:0,(anonymous_7)
FNDA:1,(anonymous_8)
DA:10,1
DA:11,0
DA:13,0
DA:14,0
DA:15,0
DA:16,0
DA:17,0
DA:19,0
DA:20,0
DA:24,0
DA:25,0
DA:27,0
DA:28,0
DA:29,0
DA:31,0
DA:32,0
DA:33,0
DA:36,0
DA:39,0
DA:48,0
DA:51,0
DA:56,0
DA:67,0
DA:68,0
DA:70,0
DA:85,0
DA:100,0
DA:143,0
DA:150,1
DA:151,0
DA:152,0
DA:154,0
DA:156,0
DA:157,0
DA:158,0
DA:160,0
DA:162,0
DA:168,0
DA:175,1
DA:176,0
DA:177,0
DA:179,0
DA:180,0
DA:187,0
DA:189,0
DA:190,0
DA:191,0
DA:195,0
DA:196,0
DA:197,0
DA:198,0
DA:202,0
DA:203,0
DA:204,0
DA:205,0
DA:209,0
DA:212,0
DA:220,0
DA:227,1
DA:228,0
DA:229,0
DA:231,0
DA:237,0
DA:238,0
DA:245,0
DA:256,0
DA:262,0
DA:269,1
DA:270,0
DA:271,0
DA:273,0
DA:279,0
DA:280,0
DA:287,0
DA:298,0
DA:304,0
DA:311,1
DA:312,0
DA:313,0
DA:315,0
DA:316,0
DA:323,0
DA:324,0
DA:330,0
DA:332,0
DA:337,0
DA:344,1
DA:345,0
DA:346,0
DA:351,0
DA:357,0
DA:364,1
DA:365,0
DA:366,0
DA:368,0
DA:369,0
DA:375,0
DA:377,0
DA:382,0
DA:389,1
DA:390,1
DA:391,1
DA:393,1
DA:394,1
DA:395,1
DA:397,1
DA:402,1
DA:414,1
DA:425,1
DA:436,1
DA:467,1
DA:495,1
DA:506,0
LF:113
LH:21
BRDA:48,0,0,0
BRDA:48,0,1,0
BRDA:156,1,0,0
BRDA:156,1,1,0
BRDA:157,2,0,0
BRDA:157,2,1,0
BRDA:158,3,0,0
BRDA:158,3,1,0
BRDA:179,4,0,0
BRDA:179,4,1,0
BRDA:189,5,0,0
BRDA:189,5,1,0
BRDA:196,6,0,0
BRDA:196,6,1,0
BRDA:203,7,0,0
BRDA:203,7,1,0
BRDA:237,8,0,0
BRDA:237,8,1,0
BRDA:248,9,0,0
BRDA:248,9,1,0
BRDA:249,10,0,0
BRDA:249,10,1,0
BRDA:259,11,0,0
BRDA:259,11,1,0
BRDA:279,12,0,0
BRDA:279,12,1,0
BRDA:290,13,0,0
BRDA:290,13,1,0
BRDA:291,14,0,0
BRDA:291,14,1,0
BRDA:301,15,0,0
BRDA:301,15,1,0
BRDA:315,16,0,0
BRDA:315,16,1,0
BRDA:323,17,0,0
BRDA:323,17,1,0
BRDA:368,18,0,0
BRDA:368,18,1,0
BRDA:394,19,0,0
BRDA:394,19,1,1
BRDA:395,20,0,0
BRDA:395,20,1,1
BRDA:397,21,0,0
BRDA:397,21,1,1
BRF:44
BRH:3
end_of_record
TN:
SF:src\controllers\authController.js
FN:7,(anonymous_0)
FN:39,(anonymous_1)
FN:88,(anonymous_2)
FN:104,(anonymous_3)
FN:130,(anonymous_4)
FNF:5
FNH:1
FNDA:2,(anonymous_0)
FNDA:0,(anonymous_1)
FNDA:0,(anonymous_2)
FNDA:0,(anonymous_3)
FNDA:0,(anonymous_4)
DA:7,2
DA:8,2
DA:9,2
DA:12,2
DA:13,2
DA:14,1
DA:21,1
DA:30,1
DA:32,0
DA:39,2
DA:40,0
DA:41,0
DA:44,0
DA:45,0
DA:52,0
DA:54,0
DA:55,0
DA:62,0
DA:64,0
DA:65,0
DA:72,0
DA:73,0
DA:79,0
DA:81,0
DA:88,2
DA:89,0
DA:90,0
DA:92,0
DA:97,0
DA:104,2
DA:105,0
DA:106,0
DA:113,0
DA:118,0
DA:123,0
DA:130,2
DA:131,0
DA:132,0
DA:135,0
DA:136,0
DA:142,0
DA:143,0
DA:145,0
DA:147,0
LF:44
LH:12
BRDA:13,0,0,1
BRDA:13,0,1,1
BRDA:44,1,0,0
BRDA:44,1,1,0
BRDA:44,2,0,0
BRDA:44,2,1,0
BRDA:54,3,0,0
BRDA:54,3,1,0
BRDA:64,4,0,0
BRDA:64,4,1,0
BRDA:72,5,0,0
BRDA:72,5,1,0
BRDA:135,6,0,0
BRDA:135,6,1,0
BRF:14
BRH:2
end_of_record
TN:
SF:src\controllers\claimController.js
FN:9,(anonymous_0)
FN:107,(anonymous_1)
FN:130,(anonymous_2)
FN:166,(anonymous_3)
FN:216,(anonymous_4)
FNF:5
FNH:1
FNDA:2,(anonymous_0)
FNDA:0,(anonymous_1)
FNDA:0,(anonymous_2)
FNDA:0,(anonymous_3)
FNDA:0,(anonymous_4)
DA:9,2
DA:10,2
DA:11,2
DA:12,2
DA:15,2
DA:17,2
DA:18,1
DA:25,1
DA:26,0
DA:33,1
DA:34,0
DA:35,0
DA:37,0
DA:44,1
DA:49,1
DA:50,0
DA:57,1
DA:64,1
DA:65,1
DA:66,1
DA:67,1
DA:70,1
DA:83,1
DA:86,1
DA:91,1
DA:100,0
DA:107,2
DA:108,0
DA:109,0
DA:117,0
DA:123,0
DA:130,2
DA:131,0
DA:132,0
DA:139,0
DA:140,0
DA:147,0
DA:148,0
DA:154,0
DA:159,0
DA:166,2
DA:167,0
DA:168,0
DA:170,0
DA:172,0
DA:173,0
DA:180,0
DA:181,0
DA:187,0
DA:188,0
DA:191,0
DA:192,0
DA:198,0
DA:203,0
DA:209,0
DA:216,2
DA:217,0
DA:218,0
DA:226,0
DA:232,0
LF:60
LH:24
BRDA:17,0,0,1
BRDA:17,0,1,1
BRDA:25,1,0,0
BRDA:25,1,1,1
BRDA:33,2,0,0
BRDA:33,2,1,1
BRDA:49,3,0,0
BRDA:49,3,1,1
BRDA:76,4,0,1
BRDA:76,4,1,1
BRDA:139,5,0,0
BRDA:139,5,1,0
BRDA:147,6,0,0
BRDA:147,6,1,0
BRDA:147,7,0,0
BRDA:147,7,1,0
BRDA:172,8,0,0
BRDA:172,8,1,0
BRDA:180,9,0,0
BRDA:180,9,1,0
BRDA:180,10,0,0
BRDA:180,10,1,0
BRDA:191,11,0,0
BRDA:191,11,1,0
BRF:24
BRH:7
end_of_record
TN:
SF:src\controllers\donationController.js
FN:7,(anonymous_0)
FN:50,(anonymous_1)
FN:72,(anonymous_2)
FN:97,(anonymous_3)
FN:116,(anonymous_4)
FN:147,(anonymous_5)
FN:186,(anonymous_6)
FN:227,(anonymous_7)
FNF:8
FNH:1
FNDA:2,(anonymous_0)
FNDA:0,(anonymous_1)
FNDA:0,(anonymous_2)
FNDA:0,(anonymous_3)
FNDA:0,(anonymous_4)
FNDA:0,(anonymous_5)
FNDA:0,(anonymous_6)
FNDA:0,(anonymous_7)
DA:7,2
DA:8,2
DA:9,2
DA:12,2
DA:13,2
DA:16,2
DA:17,1
DA:23,1
DA:35,1
DA:37,1
DA:43,0
DA:50,2
DA:51,0
DA:52,0
DA:59,0
DA:65,0
DA:72,2
DA:73,0
DA:74,0
DA:78,0
DA:79,0
DA:85,0
DA:90,0
DA:97,2
DA:98,0
DA:99,0
DA:103,0
DA:109,0
DA:116,2
DA:117,0
DA:118,0
DA:120,0
DA:121,0
DA:128,0
DA:129,0
DA:136,0
DA:137,0
DA:144,0
DA:145,0
DA:147,0
DA:148,0
DA:149,0
DA:154,0
DA:155,0
DA:156,0
DA:158,0
DA:159,0
DA:165,0
DA:168,0
DA:173,0
DA:179,0
DA:186,2
DA:187,0
DA:188,0
DA:190,0
DA:191,0
DA:198,0
DA:199,0
DA:206,0
DA:207,0
DA:213,0
DA:215,0
DA:220,0
DA:227,2
DA:228,0
DA:229,0
DA:231,0
DA:233,0
DA:234,0
DA:237,0
DA:238,0
DA:240,0
DA:241,0
DA:244,0
DA:245,0
DA:248,0
DA:249,0
DA:252,0
DA:256,0
DA:262,0
LF:80
LH:16
BRDA:16,0,0,1
BRDA:16,0,1,1
BRDA:31,1,0,1
BRDA:31,1,1,1
BRDA:78,2,0,0
BRDA:78,2,1,0
BRDA:120,3,0,0
BRDA:120,3,1,0
BRDA:128,4,0,0
BRDA:128,4,1,0
BRDA:136,5,0,0
BRDA:136,5,1,0
BRDA:148,6,0,0
BRDA:148,6,1,0
BRDA:154,7,0,0
BRDA:154,7,1,0
BRDA:158,8,0,0
BRDA:158,8,1,0
BRDA:190,9,0,0
BRDA:190,9,1,0
BRDA:198,10,0,0
BRDA:198,10,1,0
BRDA:206,11,0,0
BRDA:206,11,1,0
BRDA:233,12,0,0
BRDA:233,12,1,0
BRDA:237,13,0,0
BRDA:237,13,1,0
BRDA:244,14,0,0
BRDA:244,14,1,0
BRDA:248,15,0,0
BRDA:248,15,1,0
BRF:32
BRH:4
end_of_record
TN:
SF:src\models\Notification.js
FNF:0
FNH:0
DA:3,3
DA:49,3
DA:51,3
LF:3
LH:3
BRF:0
BRH:0
end_of_record
TN:
SF:src\models\User.js
FN:59,(anonymous_0)
FN:70,(anonymous_1)
FN:75,(anonymous_2)
FNF:3
FNH:0
FNDA:0,(anonymous_0)
FNDA:0,(anonymous_1)
FNDA:0,(anonymous_2)
DA:4,1
DA:59,1
DA:60,0
DA:61,0
DA:64,0
DA:65,0
DA:66,0
DA:70,1
DA:71,0
DA:75,1
DA:76,0
DA:77,0
DA:78,0
DA:81,1
LF:14
LH:5
BRDA:60,0,0,0
BRDA:60,0,1,0
BRF:2
BRH:0
end_of_record
TN:
SF:src\utils\notifications.js
FN:3,(anonymous_0)
FN:21,(anonymous_1)
FN:32,(anonymous_2)
FN:43,(anonymous_3)
FN:54,(anonymous_4)
FN:71,(anonymous_5)
FNF:6
FNH:0
FNDA:0,(anonymous_0)
FNDA:0,(anonymous_1)
FNDA:0,(anonymous_2)
FNDA:0,(anonymous_3)
FNDA:0,(anonymous_4)
FNDA:0,(anonymous_5)
DA:3,3
DA:4,0
DA:5,0
DA:14,0
DA:16,0
DA:17,0
DA:21,3
DA:22,0
DA:32,3
DA:33,0
DA:43,3
DA:44,0
DA:54,3
DA:55,0
DA:61,0
DA:71,3
DA:72,0
LF:17
LH:6
BRDA:3,0,0,0
BRDA:3,1,0,0
BRDA:65,2,0,0
BRDA:65,2,1,0
BRF:4
BRH:0
end_of_record
